<?xml version="1.0" encoding="UTF-8"?>
<!-- Generated by org.testng.reporters.JUnitXMLReporter -->
<testsuite hostname="Ahmetcans-Mini" ignored="1" name="Orange Test 2" tests="2" failures="0" timestamp="19 Feb 2021 02:24:00 GMT" time="7.455" errors="0">
  <testcase name="loginTest" time="0.279" classname="orange.qa.hrm.tests.LoginPageTest"/>
  <testcase name="loginTest2" time="0.572" classname="orange.qa.hrm.tests.LoginPageTest"/>
  <testcase name="verifyTitle" time="0.0" classname="orange.qa.hrm.tests.LoginPageTest">
    <ignored/>
  </testcase> <!-- verifyTitle -->
</testsuite> <!-- Orange Test 2 -->
