<?xml version="1.0" encoding="UTF-8"?>
<!-- Generated by org.testng.reporters.JUnitXMLReporter -->
<testsuite hostname="Ahmetcans-Mini" ignored="2" name="Default test" tests="1" failures="0" timestamp="10 Mar 2021 23:28:26 GMT" time="0.024" errors="0">
  <testcase name="t1CheckLoginTitle" time="0.003" classname="TestNG_1.TestNG_1.FirstTest"/>
  <testcase name="t3VerifyLoggedInPage" time="0.0" classname="TestNG_1.TestNG_1.FirstTest">
    <ignored/>
  </testcase> <!-- t3VerifyLoggedInPage -->
  <testcase name="t2EnterCredential" time="0.0" classname="TestNG_1.TestNG_1.FirstTest">
    <ignored/>
  </testcase> <!-- t2EnterCredential -->
</testsuite> <!-- Default test -->
