<?xml version="1.0" encoding="UTF-8"?>
<!-- Generated by org.testng.reporters.JUnitXMLReporter -->
<testsuite hostname="Ahmetcans-Mini" ignored="2" name="Default test" tests="4" failures="0" timestamp="09 Mar 2021 20:24:48 GMT" time="25.545" errors="0">
  <testcase name="addEmployee_2" time="0.794" classname="com.qa.orangehrm.tests.AddEmployeeTest"/>
  <testcase name="addEmployee_2" time="0.829" classname="com.qa.orangehrm.tests.AddEmployeeTest"/>
  <testcase name="addEmployee_2" time="0.631" classname="com.qa.orangehrm.tests.AddEmployeeTest"/>
  <testcase name="addEmployee_2" time="0.861" classname="com.qa.orangehrm.tests.AddEmployeeTest"/>
  <testcase name="addEmployee" time="0.0" classname="com.qa.orangehrm.tests.AddEmployeeTest">
    <ignored/>
  </testcase> <!-- addEmployee -->
  <testcase name="testUrl" time="0.0" classname="com.qa.orangehrm.tests.AddEmployeeTest">
    <ignored/>
  </testcase> <!-- testUrl -->
</testsuite> <!-- Default test -->
