<?xml version="1.0" encoding="UTF-8"?>
<!-- Generated by org.testng.reporters.JUnitXMLReporter -->
<testsuite hostname="Ahmetcans-Mini" ignored="0" name="Orange Test" tests="3" failures="0" timestamp="19 Feb 2021 02:24:21 GMT" time="10.654" errors="0">
  <testcase name="verifyTitle" time="0.006" classname="orange.qa.hrm.tests.LoginPageTest"/>
  <testcase name="loginTest" time="0.293" classname="orange.qa.hrm.tests.LoginPageTest"/>
  <testcase name="loginTest2" time="0.579" classname="orange.qa.hrm.tests.LoginPageTest"/>
</testsuite> <!-- Orange Test -->
