<?xml version="1.0" encoding="UTF-8"?>
<!-- Generated by org.testng.reporters.JUnitXMLReporter -->
<testsuite hostname="Ahmetcans-Mini" ignored="1" name="Test1" tests="2" failures="0" timestamp="17 Feb 2021 01:31:52 GMT" time="0.032" errors="0">
  <testcase name="t3" time="0.01" classname="package_1.FirstTest"/>
  <testcase name="t1" time="0.002" classname="package_1.FirstTest"/>
  <testcase name="t2" time="0.0" classname="package_1.FirstTest">
    <ignored/>
  </testcase> <!-- t2 -->
</testsuite> <!-- Test1 -->
