<?xml version="1.0" encoding="UTF-8"?>
<!-- Generated by org.testng.reporters.JUnitXMLReporter -->
<testsuite hostname="Ahmetcans-Mini" ignored="0" name="Test" tests="5" failures="0" timestamp="25 Feb 2021 16:56:22 GMT" time="17.76" errors="0">
  <testcase name="getTitle" time="0.043" classname="com.qa.orangehrm.tests.LoginPageTest"/>
  <testcase name="loginTest" time="0.002" classname="com.qa.orangehrm.tests.LoginPageTest"/>
  <testcase name="loginTest1" time="1.002" classname="com.qa.orangehrm.tests.LoginPageTest"/>
  <testcase name="loginTest2" time="1.546" classname="com.qa.orangehrm.tests.LoginPageTest"/>
  <testcase name="loginTest3" time="0.323" classname="com.qa.orangehrm.tests.LoginPageTest"/>
</testsuite> <!-- Test -->
