<?xml version="1.0" encoding="UTF-8"?>
<!-- Generated by org.testng.reporters.JUnitXMLReporter -->
<testsuite hostname="Ahmetcans-Mini" ignored="0" name="Default test" tests="3" failures="0" timestamp="26 Feb 2021 02:47:06 GMT" time="8.22" errors="0">
  <testcase name="verifyAccountName" time="0.22" classname="orange.qa.hrm.tests.HomePageTest"/>
  <testcase name="verifyHeader" time="0.017" classname="orange.qa.hrm.tests.HomePageTest"/>
  <testcase name="verifyHomePageTitle" time="0.24" classname="orange.qa.hrm.tests.HomePageTest"/>
</testsuite> <!-- Default test -->
