<?xml version="1.0" encoding="UTF-8"?>
<!-- Generated by org.testng.reporters.JUnitXMLReporter -->
<testsuite hostname="Ahmetcans-Mini" ignored="2" name="Default test" tests="1" failures="0" timestamp="02 Mar 2021 19:47:06 GMT" time="3.541" errors="0">
  <testcase name="loginTest" time="1.196" classname="orange.qa.hrm.tests.LoginPageTest"/>
  <testcase name="loginTest2" time="0.0" classname="orange.qa.hrm.tests.LoginPageTest">
    <ignored/>
  </testcase> <!-- loginTest2 -->
  <testcase name="verifyTitle" time="0.0" classname="orange.qa.hrm.tests.LoginPageTest">
    <ignored/>
  </testcase> <!-- verifyTitle -->
</testsuite> <!-- Default test -->
