<?xml version="1.0" encoding="UTF-8"?>
<testng-results skipped="0" failed="0" ignored="0" total="1" passed="1">
  <reporter-output>
  </reporter-output>
  <suite name="Default suite" duration-ms="4261" started-at="2021-03-02T20:15:23Z" finished-at="2021-03-02T20:15:27Z">
    <groups>
    </groups>
    <test name="Default test" duration-ms="4261" started-at="2021-03-02T20:15:23Z" finished-at="2021-03-02T20:15:27Z">
      <class name="com.qa.orangehrm.tests.LoginPageTest">
        <test-method status="PASS" signature="setUp()[pri:0, instance:com.qa.orangehrm.tests.LoginPageTest@57baeedf]" name="setUp" is-config="true" duration-ms="3519" started-at="2021-03-02T20:15:23Z" finished-at="2021-03-02T20:15:27Z">
          <reporter-output>
          </reporter-output>
        </test-method> <!-- setUp -->
        <test-method status="PASS" signature="loginTest()[pri:0, instance:com.qa.orangehrm.tests.LoginPageTest@57baeedf]" name="loginTest" duration-ms="264" started-at="2021-03-02T20:15:27Z" finished-at="2021-03-02T20:15:27Z">
          <reporter-output>
          </reporter-output>
        </test-method> <!-- loginTest -->
        <test-method status="PASS" signature="tearDown()[pri:0, instance:com.qa.orangehrm.tests.LoginPageTest@57baeedf]" name="tearDown" is-config="true" duration-ms="463" started-at="2021-03-02T20:15:27Z" finished-at="2021-03-02T20:15:27Z">
          <reporter-output>
          </reporter-output>
        </test-method> <!-- tearDown -->
      </class> <!-- com.qa.orangehrm.tests.LoginPageTest -->
    </test> <!-- Default test -->
  </suite> <!-- Default suite -->
</testng-results>
