<?xml version="1.0" encoding="UTF-8"?>
<!-- Generated by org.testng.reporters.JUnitXMLReporter -->
<testsuite hostname="Ahmetcans-Mini" ignored="0" name="Default test" tests="3" failures="0" timestamp="17 Feb 2021 02:24:36 GMT" time="7.78" errors="0">
  <testcase name="login" time="1.39" classname="package_1.LoginPage"/>
  <testcase name="verifyForgetPswLink" time="0.023" classname="package_1.LoginPage"/>
  <testcase name="verifyLoginPageTitle" time="0.004" classname="package_1.LoginPage"/>
</testsuite> <!-- Default test -->
