<?xml version="1.0" encoding="UTF-8"?>
<testng-results skipped="0" failed="0" ignored="0" total="5" passed="5">
  <reporter-output>
  </reporter-output>
  <suite name="Default suite" duration-ms="10906" started-at="2021-03-04T23:00:28Z" finished-at="2021-03-04T23:00:39Z">
    <groups>
    </groups>
    <test name="Default test" duration-ms="10906" started-at="2021-03-04T23:00:28Z" finished-at="2021-03-04T23:00:39Z">
      <class name="com.qa.orangehrm.tests.LoginPageTest">
        <test-method status="PASS" signature="setUp()[pri:0, instance:com.qa.orangehrm.tests.LoginPageTest@56528192]" name="setUp" is-config="true" duration-ms="1506" started-at="2021-03-04T23:00:28Z" finished-at="2021-03-04T23:00:29Z">
          <reporter-output>
          </reporter-output>
        </test-method> <!-- setUp -->
        <test-method status="PASS" signature="getTitle()[pri:0, instance:com.qa.orangehrm.tests.LoginPageTest@56528192]" name="getTitle" duration-ms="41" started-at="2021-03-04T23:00:30Z" finished-at="2021-03-04T23:00:30Z">
          <reporter-output>
          </reporter-output>
        </test-method> <!-- getTitle -->
        <test-method status="PASS" signature="tearUp()[pri:0, instance:com.qa.orangehrm.tests.LoginPageTest@56528192]" name="tearUp" is-config="true" duration-ms="59" started-at="2021-03-04T23:00:30Z" finished-at="2021-03-04T23:00:30Z">
          <reporter-output>
          </reporter-output>
        </test-method> <!-- tearUp -->
        <test-method status="PASS" signature="setUp()[pri:0, instance:com.qa.orangehrm.tests.LoginPageTest@56528192]" name="setUp" is-config="true" duration-ms="951" started-at="2021-03-04T23:00:30Z" finished-at="2021-03-04T23:00:31Z">
          <reporter-output>
          </reporter-output>
        </test-method> <!-- setUp -->
        <test-method status="PASS" signature="loginTest()[pri:0, instance:com.qa.orangehrm.tests.LoginPageTest@56528192]" name="loginTest" duration-ms="1338" started-at="2021-03-04T23:00:31Z" finished-at="2021-03-04T23:00:32Z">
          <reporter-output>
          </reporter-output>
        </test-method> <!-- loginTest -->
        <test-method status="PASS" signature="tearUp()[pri:0, instance:com.qa.orangehrm.tests.LoginPageTest@56528192]" name="tearUp" is-config="true" duration-ms="57" started-at="2021-03-04T23:00:32Z" finished-at="2021-03-04T23:00:32Z">
          <reporter-output>
          </reporter-output>
        </test-method> <!-- tearUp -->
        <test-method status="PASS" signature="setUp()[pri:0, instance:com.qa.orangehrm.tests.LoginPageTest@56528192]" name="setUp" is-config="true" duration-ms="1300" started-at="2021-03-04T23:00:32Z" finished-at="2021-03-04T23:00:33Z">
          <reporter-output>
          </reporter-output>
        </test-method> <!-- setUp -->
        <test-method status="PASS" signature="loginTest1()[pri:0, instance:com.qa.orangehrm.tests.LoginPageTest@56528192]" name="loginTest1" duration-ms="720" started-at="2021-03-04T23:00:33Z" finished-at="2021-03-04T23:00:34Z">
          <reporter-output>
          </reporter-output>
        </test-method> <!-- loginTest1 -->
        <test-method status="PASS" signature="tearUp()[pri:0, instance:com.qa.orangehrm.tests.LoginPageTest@56528192]" name="tearUp" is-config="true" duration-ms="56" started-at="2021-03-04T23:00:34Z" finished-at="2021-03-04T23:00:34Z">
          <reporter-output>
          </reporter-output>
        </test-method> <!-- tearUp -->
        <test-method status="PASS" signature="setUp()[pri:0, instance:com.qa.orangehrm.tests.LoginPageTest@56528192]" name="setUp" is-config="true" duration-ms="1342" started-at="2021-03-04T23:00:34Z" finished-at="2021-03-04T23:00:35Z">
          <reporter-output>
          </reporter-output>
        </test-method> <!-- setUp -->
        <test-method status="PASS" signature="loginTest2()[pri:0, instance:com.qa.orangehrm.tests.LoginPageTest@56528192]" name="loginTest2" duration-ms="1204" started-at="2021-03-04T23:00:35Z" finished-at="2021-03-04T23:00:37Z">
          <reporter-output>
          </reporter-output>
        </test-method> <!-- loginTest2 -->
        <test-method status="PASS" signature="tearUp()[pri:0, instance:com.qa.orangehrm.tests.LoginPageTest@56528192]" name="tearUp" is-config="true" duration-ms="58" started-at="2021-03-04T23:00:37Z" finished-at="2021-03-04T23:00:37Z">
          <reporter-output>
          </reporter-output>
        </test-method> <!-- tearUp -->
        <test-method status="PASS" signature="setUp()[pri:0, instance:com.qa.orangehrm.tests.LoginPageTest@56528192]" name="setUp" is-config="true" duration-ms="1347" started-at="2021-03-04T23:00:37Z" finished-at="2021-03-04T23:00:38Z">
          <reporter-output>
          </reporter-output>
        </test-method> <!-- setUp -->
        <test-method status="PASS" signature="loginTest3()[pri:0, instance:com.qa.orangehrm.tests.LoginPageTest@56528192]" name="loginTest3" duration-ms="792" started-at="2021-03-04T23:00:38Z" finished-at="2021-03-04T23:00:39Z">
          <reporter-output>
          </reporter-output>
        </test-method> <!-- loginTest3 -->
        <test-method status="PASS" signature="tearUp()[pri:0, instance:com.qa.orangehrm.tests.LoginPageTest@56528192]" name="tearUp" is-config="true" duration-ms="57" started-at="2021-03-04T23:00:39Z" finished-at="2021-03-04T23:00:39Z">
          <reporter-output>
          </reporter-output>
        </test-method> <!-- tearUp -->
      </class> <!-- com.qa.orangehrm.tests.LoginPageTest -->
    </test> <!-- Default test -->
  </suite> <!-- Default suite -->
</testng-results>
