<?xml version="1.0" encoding="UTF-8"?>
<!-- Generated by org.testng.reporters.JUnitXMLReporter -->
<testsuite hostname="Ahmetcans-Mini" ignored="0" name="Default test" tests="5" failures="0" timestamp="22 Feb 2021 16:10:20 GMT" time="13.447" errors="0">
  <testcase name="getTitle" time="0.037" classname="com.qa.orangehrm.tests.LoginPageTest"/>
  <testcase name="loginTest" time="1.316" classname="com.qa.orangehrm.tests.LoginPageTest"/>
  <testcase name="loginTest1" time="0.679" classname="com.qa.orangehrm.tests.LoginPageTest"/>
  <testcase name="loginTest2" time="1.366" classname="com.qa.orangehrm.tests.LoginPageTest"/>
  <testcase name="loginTest3" time="0.68" classname="com.qa.orangehrm.tests.LoginPageTest"/>
</testsuite> <!-- Default test -->
