<?xml version="1.0" encoding="UTF-8"?>
<!-- Generated by org.testng.reporters.JUnitXMLReporter -->
<testsuite hostname="Ahmetcans-Mini" ignored="4" name="Default test" tests="1" failures="0" timestamp="02 Mar 2021 22:29:43 GMT" time="3.313" errors="0">
  <testcase name="loginTest" time="0.264" classname="com.qa.orangehrm.tests.LoginPageTest"/>
  <testcase name="loginTest2" time="0.0" classname="com.qa.orangehrm.tests.LoginPageTest">
    <ignored/>
  </testcase> <!-- loginTest2 -->
  <testcase name="loginTest1" time="0.0" classname="com.qa.orangehrm.tests.LoginPageTest">
    <ignored/>
  </testcase> <!-- loginTest1 -->
  <testcase name="getTitle" time="0.0" classname="com.qa.orangehrm.tests.LoginPageTest">
    <ignored/>
  </testcase> <!-- getTitle -->
  <testcase name="loginTest3" time="0.0" classname="com.qa.orangehrm.tests.LoginPageTest">
    <ignored/>
  </testcase> <!-- loginTest3 -->
</testsuite> <!-- Default test -->
