<?xml version="1.0" encoding="UTF-8"?>
<!-- Generated by org.testng.reporters.JUnitXMLReporter -->
<testsuite hostname="Ahmetcans-Mini" ignored="0" name="Orange HRM Test 2" tests="4" failures="3" timestamp="11 Mar 2021 17:48:18 GMT" time="11.208" errors="0">
  <testcase name="verifyHomePageTitle" time="0.003" classname="com.qa.orangehrm.tests.HomePageTest"/>
  <testcase name="verifyHomePageHeader" time="0.018" classname="com.qa.orangehrm.tests.HomePageTest">
    <failure type="java.lang.AssertionError" message="expected [Dashboard] but found [null]">
      <![CDATA[java.lang.AssertionError: expected [Dashboard] but found [null]
at com.qa.orangehrm.tests.HomePageTest.verifyHomePageHeader(HomePageTest.java:50)
at java.util.concurrent.ThreadPoolExecutor.runWorker(ThreadPoolExecutor.java:1149)
at java.util.concurrent.ThreadPoolExecutor$Worker.run(ThreadPoolExecutor.java:624)
at java.lang.Thread.run(Thread.java:748)
... Removed 16 stack frames]]>
    </failure>
  </testcase> <!-- verifyHomePageHeader -->
  <testcase name="verifyLoggedInUserTest" time="0.005" classname="com.qa.orangehrm.tests.HomePageTest">
    <failure type="java.lang.NullPointerException">
      <![CDATA[java.lang.NullPointerException
at com.qa.orangehrm.tests.HomePageTest.verifyLoggedInUserTest(HomePageTest.java:59)
at java.util.concurrent.ThreadPoolExecutor.runWorker(ThreadPoolExecutor.java:1149)
at java.util.concurrent.ThreadPoolExecutor$Worker.run(ThreadPoolExecutor.java:624)
at java.lang.Thread.run(Thread.java:748)
... Removed 10 stack frames]]>
    </failure>
  </testcase> <!-- verifyLoggedInUserTest -->
  <testcase name="verifyAuthentication" time="0.004" classname="com.qa.orangehrm.tests.HomePageTest">
    <failure type="java.lang.AssertionError" message="expected [true] but found [false]">
      <![CDATA[java.lang.AssertionError: expected [true] but found [false]
at com.qa.orangehrm.tests.HomePageTest.verifyAuthentication(HomePageTest.java:67)
at java.util.concurrent.ThreadPoolExecutor.runWorker(ThreadPoolExecutor.java:1149)
at java.util.concurrent.ThreadPoolExecutor$Worker.run(ThreadPoolExecutor.java:624)
at java.lang.Thread.run(Thread.java:748)
... Removed 14 stack frames]]>
    </failure>
  </testcase> <!-- verifyAuthentication -->
</testsuite> <!-- Orange HRM Test 2 -->
